CRITICAL - 2022-06-07 08:24:20 --> Attempt to read property "profile_picture" on null
#0 C:\xampp\htdocs\tokoku-kel4fix\app\Helpers\global_helper.php(94): CodeIgniter\Debug\Exceptions->errorHandler(2, 'Attempt to read...', 'C:\\xampp\\htdocs...', 94)
#1 C:\xampp\htdocs\tokoku-kel4fix\app\Views\admin\header.php(162): get_admin_image()
#2 C:\xampp\htdocs\tokoku-kel4fix\system\View\View.php(210): include('C:\\xampp\\htdocs...')
#3 C:\xampp\htdocs\tokoku-kel4fix\system\View\View.php(213): CodeIgniter\View\View->CodeIgniter\View\{closure}()
#4 C:\xampp\htdocs\tokoku-kel4fix\system\View\View.php(226): CodeIgniter\View\View->render('admin\\header', Array, true)
#5 C:\xampp\htdocs\tokoku-kel4fix\system\Common.php(1089): CodeIgniter\View\View->render('admin/reviews/r...', Array, true)
#6 C:\xampp\htdocs\tokoku-kel4fix\app\Controllers\Admin_Reviews.php(34): view('admin/reviews/r...', Array)
#7 C:\xampp\htdocs\tokoku-kel4fix\system\CodeIgniter.php(832): App\Controllers\Admin_Reviews->index()
#8 C:\xampp\htdocs\tokoku-kel4fix\system\CodeIgniter.php(419): CodeIgniter\CodeIgniter->runController(Object(App\Controllers\Admin_Reviews))
#9 C:\xampp\htdocs\tokoku-kel4fix\system\CodeIgniter.php(326): CodeIgniter\CodeIgniter->handleRequest(NULL, Object(Config\Cache), false)
#10 C:\xampp\htdocs\tokoku-kel4fix\public\index.php(37): CodeIgniter\CodeIgniter->run()
#11 C:\xampp\htdocs\tokoku-kel4fix\system\Commands\Server\rewrite.php(43): require_once('C:\\xampp\\htdocs...')
#12 {main}
CRITICAL - 2022-06-07 08:42:54 --> Attempt to read property "profile_picture" on null
#0 C:\xampp\htdocs\tokoku-kel4fix\app\Helpers\global_helper.php(94): CodeIgniter\Debug\Exceptions->errorHandler(2, 'Attempt to read...', 'C:\\xampp\\htdocs...', 94)
#1 C:\xampp\htdocs\tokoku-kel4fix\app\Views\admin\header.php(162): get_admin_image()
#2 C:\xampp\htdocs\tokoku-kel4fix\system\View\View.php(210): include('C:\\xampp\\htdocs...')
#3 C:\xampp\htdocs\tokoku-kel4fix\system\View\View.php(213): CodeIgniter\View\View->CodeIgniter\View\{closure}()
#4 C:\xampp\htdocs\tokoku-kel4fix\system\View\View.php(226): CodeIgniter\View\View->render('admin\\header', Array, true)
#5 C:\xampp\htdocs\tokoku-kel4fix\system\Common.php(1089): CodeIgniter\View\View->render('admin/reviews/r...', Array, true)
#6 C:\xampp\htdocs\tokoku-kel4fix\app\Controllers\Admin_Reviews.php(34): view('admin/reviews/r...', Array)
#7 C:\xampp\htdocs\tokoku-kel4fix\system\CodeIgniter.php(832): App\Controllers\Admin_Reviews->index()
#8 C:\xampp\htdocs\tokoku-kel4fix\system\CodeIgniter.php(419): CodeIgniter\CodeIgniter->runController(Object(App\Controllers\Admin_Reviews))
#9 C:\xampp\htdocs\tokoku-kel4fix\system\CodeIgniter.php(326): CodeIgniter\CodeIgniter->handleRequest(NULL, Object(Config\Cache), false)
#10 C:\xampp\htdocs\tokoku-kel4fix\public\index.php(37): CodeIgniter\CodeIgniter->run()
#11 C:\xampp\htdocs\tokoku-kel4fix\system\Commands\Server\rewrite.php(43): require_once('C:\\xampp\\htdocs...')
#12 {main}
CRITICAL - 2022-06-07 10:59:50 --> Attempt to read property "profile_picture" on null
#0 C:\xampp\htdocs\tokoku-kel4fix\app\Helpers\global_helper.php(94): CodeIgniter\Debug\Exceptions->errorHandler(2, 'Attempt to read...', 'C:\\xampp\\htdocs...', 94)
#1 C:\xampp\htdocs\tokoku-kel4fix\app\Views\admin\header.php(162): get_admin_image()
#2 C:\xampp\htdocs\tokoku-kel4fix\system\View\View.php(210): include('C:\\xampp\\htdocs...')
#3 C:\xampp\htdocs\tokoku-kel4fix\system\View\View.php(213): CodeIgniter\View\View->CodeIgniter\View\{closure}()
#4 C:\xampp\htdocs\tokoku-kel4fix\system\View\View.php(226): CodeIgniter\View\View->render('admin\\header', Array, true)
#5 C:\xampp\htdocs\tokoku-kel4fix\system\Common.php(1089): CodeIgniter\View\View->render('admin\\overview', Array, true)
#6 C:\xampp\htdocs\tokoku-kel4fix\app\Controllers\Admin.php(38): view('admin\\overview', Array)
#7 C:\xampp\htdocs\tokoku-kel4fix\system\CodeIgniter.php(832): App\Controllers\Admin->index()
#8 C:\xampp\htdocs\tokoku-kel4fix\system\CodeIgniter.php(419): CodeIgniter\CodeIgniter->runController(Object(App\Controllers\Admin))
#9 C:\xampp\htdocs\tokoku-kel4fix\system\CodeIgniter.php(326): CodeIgniter\CodeIgniter->handleRequest(NULL, Object(Config\Cache), false)
#10 C:\xampp\htdocs\tokoku-kel4fix\public\index.php(37): CodeIgniter\CodeIgniter->run()
#11 C:\xampp\htdocs\tokoku-kel4fix\system\Commands\Server\rewrite.php(43): require_once('C:\\xampp\\htdocs...')
#12 {main}
