CRITICAL - 2022-06-05 00:54:56 --> Attempt to read property "profile_picture" on null
#0 C:\xampp\htdocs\tokoku-kel4fix\app\Helpers\global_helper.php(94): CodeIgniter\Debug\Exceptions->errorHandler(2, 'Attempt to read...', 'C:\\xampp\\htdocs...', 94)
#1 C:\xampp\htdocs\tokoku-kel4fix\app\Views\admin\header.php(162): get_admin_image()
#2 C:\xampp\htdocs\tokoku-kel4fix\system\View\View.php(210): include('C:\\xampp\\htdocs...')
#3 C:\xampp\htdocs\tokoku-kel4fix\system\View\View.php(213): CodeIgniter\View\View->CodeIgniter\View\{closure}()
#4 C:\xampp\htdocs\tokoku-kel4fix\system\View\View.php(226): CodeIgniter\View\View->render('admin\\header', Array, true)
#5 C:\xampp\htdocs\tokoku-kel4fix\system\Common.php(1089): CodeIgniter\View\View->render('admin\\overview', Array, true)
#6 C:\xampp\htdocs\tokoku-kel4fix\app\Controllers\Admin.php(38): view('admin\\overview', Array)
#7 C:\xampp\htdocs\tokoku-kel4fix\system\CodeIgniter.php(832): App\Controllers\Admin->index()
#8 C:\xampp\htdocs\tokoku-kel4fix\system\CodeIgniter.php(419): CodeIgniter\CodeIgniter->runController(Object(App\Controllers\Admin))
#9 C:\xampp\htdocs\tokoku-kel4fix\system\CodeIgniter.php(326): CodeIgniter\CodeIgniter->handleRequest(NULL, Object(Config\Cache), false)
#10 C:\xampp\htdocs\tokoku-kel4fix\public\index.php(37): CodeIgniter\CodeIgniter->run()
#11 C:\xampp\htdocs\tokoku-kel4fix\system\Commands\Server\rewrite.php(43): require_once('C:\\xampp\\htdocs...')
#12 {main}
CRITICAL - 2022-06-05 03:06:35 --> Invalid file: themes\fiflowers\template.php
#0 C:\xampp\htdocs\tokoku-kel4fix\system\View\View.php(198): CodeIgniter\Exceptions\FrameworkException::forInvalidFile('themes\\fiflowersd...')
#1 C:\xampp\htdocs\tokoku-kel4fix\system\View\View.php(226): CodeIgniter\View\View->render('themes\\fiflowersd...', Array, true)
#2 C:\xampp\htdocs\tokoku-kel4fix\system\Common.php(1089): CodeIgniter\View\View->render('customers/payme...', Array, true)
#3 C:\xampp\htdocs\tokoku-kel4fix\app\Controllers\Customer_Payments.php(49): view('customers/payme...', Array)
#4 C:\xampp\htdocs\tokoku-kel4fix\system\CodeIgniter.php(832): App\Controllers\Customer_Payments->confirm()
#5 C:\xampp\htdocs\tokoku-kel4fix\system\CodeIgniter.php(419): CodeIgniter\CodeIgniter->runController(Object(App\Controllers\Customer_Payments))
#6 C:\xampp\htdocs\tokoku-kel4fix\system\CodeIgniter.php(326): CodeIgniter\CodeIgniter->handleRequest(NULL, Object(Config\Cache), false)
#7 C:\xampp\htdocs\tokoku-kel4fix\public\index.php(37): CodeIgniter\CodeIgniter->run()
#8 C:\xampp\htdocs\tokoku-kel4fix\system\Commands\Server\rewrite.php(43): require_once('C:\\xampp\\htdocs...')
#9 {main}
CRITICAL - 2022-06-05 03:13:06 --> Invalid file: themes\fiflowers\pages\product.php
#0 C:\xampp\htdocs\tokoku-kel4fix\system\View\View.php(198): CodeIgniter\Exceptions\FrameworkException::forInvalidFile('themes\\fiflower...')
#1 C:\xampp\htdocs\tokoku-kel4fix\system\Common.php(1089): CodeIgniter\View\View->render('themes\\fiflower...', Array, true)
#2 C:\xampp\htdocs\tokoku-kel4fix\app\Controllers\Product.php(27): view('themes\\fiflower...', Array)
#3 C:\xampp\htdocs\tokoku-kel4fix\system\CodeIgniter.php(832): App\Controllers\Product->index()
#4 C:\xampp\htdocs\tokoku-kel4fix\system\CodeIgniter.php(419): CodeIgniter\CodeIgniter->runController(Object(App\Controllers\Product))
#5 C:\xampp\htdocs\tokoku-kel4fix\system\CodeIgniter.php(326): CodeIgniter\CodeIgniter->handleRequest(NULL, Object(Config\Cache), false)
#6 C:\xampp\htdocs\tokoku-kel4fix\public\index.php(37): CodeIgniter\CodeIgniter->run()
#7 C:\xampp\htdocs\tokoku-kel4fix\system\Commands\Server\rewrite.php(43): require_once('C:\\xampp\\htdocs...')
#8 {main}
CRITICAL - 2022-06-05 03:14:09 --> Invalid file: themes\fiflowers\pages\product.php
#0 C:\xampp\htdocs\tokoku-kel4fix\system\View\View.php(198): CodeIgniter\Exceptions\FrameworkException::forInvalidFile('themes\\fiflower...')
#1 C:\xampp\htdocs\tokoku-kel4fix\system\Common.php(1089): CodeIgniter\View\View->render('themes\\fiflower...', Array, true)
#2 C:\xampp\htdocs\tokoku-kel4fix\app\Controllers\Product.php(27): view('themes\\fiflower...', Array)
#3 C:\xampp\htdocs\tokoku-kel4fix\system\CodeIgniter.php(832): App\Controllers\Product->index()
#4 C:\xampp\htdocs\tokoku-kel4fix\system\CodeIgniter.php(419): CodeIgniter\CodeIgniter->runController(Object(App\Controllers\Product))
#5 C:\xampp\htdocs\tokoku-kel4fix\system\CodeIgniter.php(326): CodeIgniter\CodeIgniter->handleRequest(NULL, Object(Config\Cache), false)
#6 C:\xampp\htdocs\tokoku-kel4fix\public\index.php(37): CodeIgniter\CodeIgniter->run()
#7 C:\xampp\htdocs\tokoku-kel4fix\system\Commands\Server\rewrite.php(43): require_once('C:\\xampp\\htdocs...')
#8 {main}
CRITICAL - 2022-06-05 03:14:50 --> Invalid file: themes\fiflowers\pages\product.php
#0 C:\xampp\htdocs\tokoku-kel4fix\system\View\View.php(198): CodeIgniter\Exceptions\FrameworkException::forInvalidFile('themes\\fiflower...')
#1 C:\xampp\htdocs\tokoku-kel4fix\system\Common.php(1089): CodeIgniter\View\View->render('themes\\fiflower...', Array, true)
#2 C:\xampp\htdocs\tokoku-kel4fix\app\Controllers\Product.php(27): view('themes\\fiflower...', Array)
#3 C:\xampp\htdocs\tokoku-kel4fix\system\CodeIgniter.php(832): App\Controllers\Product->index()
#4 C:\xampp\htdocs\tokoku-kel4fix\system\CodeIgniter.php(419): CodeIgniter\CodeIgniter->runController(Object(App\Controllers\Product))
#5 C:\xampp\htdocs\tokoku-kel4fix\system\CodeIgniter.php(326): CodeIgniter\CodeIgniter->handleRequest(NULL, Object(Config\Cache), false)
#6 C:\xampp\htdocs\tokoku-kel4fix\public\index.php(37): CodeIgniter\CodeIgniter->run()
#7 C:\xampp\htdocs\tokoku-kel4fix\system\Commands\Server\rewrite.php(43): require_once('C:\\xampp\\htdocs...')
#8 {main}
CRITICAL - 2022-06-05 03:15:33 --> paginationCust is not a valid Pager template.
#0 C:\xampp\htdocs\tokoku-kel4fix\system\Pager\Pager.php(120): CodeIgniter\Pager\Exceptions\PagerException::forInvalidTemplate('paginationCust')
#1 C:\xampp\htdocs\tokoku-kel4fix\system\Pager\Pager.php(83): CodeIgniter\Pager\Pager->displayLinks('card', 'paginationCust')
#2 C:\xampp\htdocs\tokoku-kel4fix\app\Views\themes\fiflowers\pages\product.php(68): CodeIgniter\Pager\Pager->links('card', 'paginationCust')
#3 C:\xampp\htdocs\tokoku-kel4fix\system\View\View.php(210): include('C:\\xampp\\htdocs...')
#4 C:\xampp\htdocs\tokoku-kel4fix\system\View\View.php(213): CodeIgniter\View\View->CodeIgniter\View\{closure}()
#5 C:\xampp\htdocs\tokoku-kel4fix\system\Common.php(1089): CodeIgniter\View\View->render('themes\\fiflower...', Array, true)
#6 C:\xampp\htdocs\tokoku-kel4fix\app\Controllers\Product.php(27): view('themes\\fiflower...', Array)
#7 C:\xampp\htdocs\tokoku-kel4fix\system\CodeIgniter.php(832): App\Controllers\Product->index()
#8 C:\xampp\htdocs\tokoku-kel4fix\system\CodeIgniter.php(419): CodeIgniter\CodeIgniter->runController(Object(App\Controllers\Product))
#9 C:\xampp\htdocs\tokoku-kel4fix\system\CodeIgniter.php(326): CodeIgniter\CodeIgniter->handleRequest(NULL, Object(Config\Cache), false)
#10 C:\xampp\htdocs\tokoku-kel4fix\public\index.php(37): CodeIgniter\CodeIgniter->run()
#11 C:\xampp\htdocs\tokoku-kel4fix\system\Commands\Server\rewrite.php(43): require_once('C:\\xampp\\htdocs...')
#12 {main}
CRITICAL - 2022-06-05 03:24:02 --> Invalid file: themes\fiflowers\template.php
#0 C:\xampp\htdocs\tokoku-kel4fix\system\View\View.php(198): CodeIgniter\Exceptions\FrameworkException::forInvalidFile('themes\\fiflower...')
#1 C:\xampp\htdocs\tokoku-kel4fix\system\View\View.php(226): CodeIgniter\View\View->render('themes\\fiflower...', Array, true)
#2 C:\xampp\htdocs\tokoku-kel4fix\system\Common.php(1089): CodeIgniter\View\View->render('customers/profi...', Array, true)
#3 C:\xampp\htdocs\tokoku-kel4fix\app\Controllers\Customer_Profile.php(29): view('customers/profi...', Array)
#4 C:\xampp\htdocs\tokoku-kel4fix\system\CodeIgniter.php(832): App\Controllers\Customer_Profile->index()
#5 C:\xampp\htdocs\tokoku-kel4fix\system\CodeIgniter.php(419): CodeIgniter\CodeIgniter->runController(Object(App\Controllers\Customer_Profile))
#6 C:\xampp\htdocs\tokoku-kel4fix\system\CodeIgniter.php(326): CodeIgniter\CodeIgniter->handleRequest(NULL, Object(Config\Cache), false)
#7 C:\xampp\htdocs\tokoku-kel4fix\public\index.php(37): CodeIgniter\CodeIgniter->run()
#8 C:\xampp\htdocs\tokoku-kel4fix\system\Commands\Server\rewrite.php(43): require_once('C:\\xampp\\htdocs...')
#9 {main}
CRITICAL - 2022-06-05 03:56:27 --> Invalid file: themes\fiflowersds\template.php
#0 C:\xampp\htdocs\tokoku-kel4fix\system\View\View.php(198): CodeIgniter\Exceptions\FrameworkException::forInvalidFile('themes\\fiflower...')
#1 C:\xampp\htdocs\tokoku-kel4fix\system\View\View.php(226): CodeIgniter\View\View->render('themes\\fiflower...', Array, true)
#2 C:\xampp\htdocs\tokoku-kel4fix\system\Common.php(1089): CodeIgniter\View\View->render('customers/profi...', Array, true)
#3 C:\xampp\htdocs\tokoku-kel4fix\app\Controllers\Customer_Profile.php(29): view('customers/profi...', Array)
#4 C:\xampp\htdocs\tokoku-kel4fix\system\CodeIgniter.php(832): App\Controllers\Customer_Profile->index()
#5 C:\xampp\htdocs\tokoku-kel4fix\system\CodeIgniter.php(419): CodeIgniter\CodeIgniter->runController(Object(App\Controllers\Customer_Profile))
#6 C:\xampp\htdocs\tokoku-kel4fix\system\CodeIgniter.php(326): CodeIgniter\CodeIgniter->handleRequest(NULL, Object(Config\Cache), false)
#7 C:\xampp\htdocs\tokoku-kel4fix\public\index.php(37): CodeIgniter\CodeIgniter->run()
#8 C:\xampp\htdocs\tokoku-kel4fix\system\Commands\Server\rewrite.php(43): require_once('C:\\xampp\\htdocs...')
#9 {main}
CRITICAL - 2022-06-05 05:39:12 --> Attempt to read property "profile_picture" on null
#0 C:\xampp\htdocs\tokoku-kel4fix\app\Helpers\global_helper.php(94): CodeIgniter\Debug\Exceptions->errorHandler(2, 'Attempt to read...', 'C:\\xampp\\htdocs...', 94)
#1 C:\xampp\htdocs\tokoku-kel4fix\app\Views\admin\header.php(162): get_admin_image()
#2 C:\xampp\htdocs\tokoku-kel4fix\system\View\View.php(210): include('C:\\xampp\\htdocs...')
#3 C:\xampp\htdocs\tokoku-kel4fix\system\View\View.php(213): CodeIgniter\View\View->CodeIgniter\View\{closure}()
#4 C:\xampp\htdocs\tokoku-kel4fix\system\View\View.php(226): CodeIgniter\View\View->render('admin\\header', Array, true)
#5 C:\xampp\htdocs\tokoku-kel4fix\system\Common.php(1089): CodeIgniter\View\View->render('admin/products/...', Array, true)
#6 C:\xampp\htdocs\tokoku-kel4fix\app\Controllers\Admin_Products.php(45): view('admin/products/...', Array)
#7 C:\xampp\htdocs\tokoku-kel4fix\system\CodeIgniter.php(832): App\Controllers\Admin_Products->index()
#8 C:\xampp\htdocs\tokoku-kel4fix\system\CodeIgniter.php(419): CodeIgniter\CodeIgniter->runController(Object(App\Controllers\Admin_Products))
#9 C:\xampp\htdocs\tokoku-kel4fix\system\CodeIgniter.php(326): CodeIgniter\CodeIgniter->handleRequest(NULL, Object(Config\Cache), false)
#10 C:\xampp\htdocs\tokoku-kel4fix\public\index.php(37): CodeIgniter\CodeIgniter->run()
#11 C:\xampp\htdocs\tokoku-kel4fix\system\Commands\Server\rewrite.php(43): require_once('C:\\xampp\\htdocs...')
#12 {main}
CRITICAL - 2022-06-05 05:39:40 --> Attempt to read property "profile_picture" on null
#0 C:\xampp\htdocs\tokoku-kel4fix\app\Helpers\global_helper.php(94): CodeIgniter\Debug\Exceptions->errorHandler(2, 'Attempt to read...', 'C:\\xampp\\htdocs...', 94)
#1 C:\xampp\htdocs\tokoku-kel4fix\app\Views\admin\header.php(162): get_admin_image()
#2 C:\xampp\htdocs\tokoku-kel4fix\system\View\View.php(210): include('C:\\xampp\\htdocs...')
#3 C:\xampp\htdocs\tokoku-kel4fix\system\View\View.php(213): CodeIgniter\View\View->CodeIgniter\View\{closure}()
#4 C:\xampp\htdocs\tokoku-kel4fix\system\View\View.php(226): CodeIgniter\View\View->render('admin\\header', Array, true)
#5 C:\xampp\htdocs\tokoku-kel4fix\system\Common.php(1089): CodeIgniter\View\View->render('admin/settings/...', Array, true)
#6 C:\xampp\htdocs\tokoku-kel4fix\app\Controllers\Admin_Settings.php(28): view('admin/settings/...', Array)
#7 C:\xampp\htdocs\tokoku-kel4fix\system\CodeIgniter.php(832): App\Controllers\Admin_Settings->index()
#8 C:\xampp\htdocs\tokoku-kel4fix\system\CodeIgniter.php(419): CodeIgniter\CodeIgniter->runController(Object(App\Controllers\Admin_Settings))
#9 C:\xampp\htdocs\tokoku-kel4fix\system\CodeIgniter.php(326): CodeIgniter\CodeIgniter->handleRequest(NULL, Object(Config\Cache), false)
#10 C:\xampp\htdocs\tokoku-kel4fix\public\index.php(37): CodeIgniter\CodeIgniter->run()
#11 C:\xampp\htdocs\tokoku-kel4fix\system\Commands\Server\rewrite.php(43): require_once('C:\\xampp\\htdocs...')
#12 {main}
CRITICAL - 2022-06-05 05:50:41 --> You do not have sufficient permissions to access that page.
#0 C:\xampp\htdocs\tokoku-kel4fix\system\Filters\Filters.php(173): Myth\Auth\Filters\RoleFilter->before(Object(CodeIgniter\HTTP\IncomingRequest), Array)
#1 C:\xampp\htdocs\tokoku-kel4fix\system\CodeIgniter.php(393): CodeIgniter\Filters\Filters->run('shop/checkout', 'before')
#2 C:\xampp\htdocs\tokoku-kel4fix\system\CodeIgniter.php(326): CodeIgniter\CodeIgniter->handleRequest(NULL, Object(Config\Cache), false)
#3 C:\xampp\htdocs\tokoku-kel4fix\public\index.php(37): CodeIgniter\CodeIgniter->run()
#4 C:\xampp\htdocs\tokoku-kel4fix\system\Commands\Server\rewrite.php(43): require_once('C:\\xampp\\htdocs...')
#5 {main}
CRITICAL - 2022-06-05 08:31:18 --> Undefined variable $status
#0 C:\xampp\htdocs\tokoku-kel4fix\app\Controllers\Admin_Payments.php(76): CodeIgniter\Debug\Exceptions->errorHandler(2, 'Undefined varia...', 'C:\\xampp\\htdocs...', 76)
#1 C:\xampp\htdocs\tokoku-kel4fix\system\CodeIgniter.php(832): App\Controllers\Admin_Payments->verify()
#2 C:\xampp\htdocs\tokoku-kel4fix\system\CodeIgniter.php(419): CodeIgniter\CodeIgniter->runController(Object(App\Controllers\Admin_Payments))
#3 C:\xampp\htdocs\tokoku-kel4fix\system\CodeIgniter.php(326): CodeIgniter\CodeIgniter->handleRequest(NULL, Object(Config\Cache), false)
#4 C:\xampp\htdocs\tokoku-kel4fix\public\index.php(37): CodeIgniter\CodeIgniter->run()
#5 C:\xampp\htdocs\tokoku-kel4fix\system\Commands\Server\rewrite.php(43): require_once('C:\\xampp\\htdocs...')
#6 {main}
CRITICAL - 2022-06-05 08:31:23 --> Undefined variable $status
#0 C:\xampp\htdocs\tokoku-kel4fix\app\Controllers\Admin_Payments.php(76): CodeIgniter\Debug\Exceptions->errorHandler(2, 'Undefined varia...', 'C:\\xampp\\htdocs...', 76)
#1 C:\xampp\htdocs\tokoku-kel4fix\system\CodeIgniter.php(832): App\Controllers\Admin_Payments->verify()
#2 C:\xampp\htdocs\tokoku-kel4fix\system\CodeIgniter.php(419): CodeIgniter\CodeIgniter->runController(Object(App\Controllers\Admin_Payments))
#3 C:\xampp\htdocs\tokoku-kel4fix\system\CodeIgniter.php(326): CodeIgniter\CodeIgniter->handleRequest(NULL, Object(Config\Cache), false)
#4 C:\xampp\htdocs\tokoku-kel4fix\public\index.php(37): CodeIgniter\CodeIgniter->run()
#5 C:\xampp\htdocs\tokoku-kel4fix\system\Commands\Server\rewrite.php(43): require_once('C:\\xampp\\htdocs...')
#6 {main}
CRITICAL - 2022-06-05 10:53:05 --> foreach() argument must be of type array|object, null given
#0 C:\xampp\htdocs\tokoku-kel4fix\app\Controllers\Shop.php(82): CodeIgniter\Debug\Exceptions->errorHandler(2, 'foreach() argum...', 'C:\\xampp\\htdocs...', 82)
#1 C:\xampp\htdocs\tokoku-kel4fix\system\CodeIgniter.php(832): App\Controllers\Shop->checkout()
#2 C:\xampp\htdocs\tokoku-kel4fix\system\CodeIgniter.php(419): CodeIgniter\CodeIgniter->runController(Object(App\Controllers\Shop))
#3 C:\xampp\htdocs\tokoku-kel4fix\system\CodeIgniter.php(326): CodeIgniter\CodeIgniter->handleRequest(NULL, Object(Config\Cache), false)
#4 C:\xampp\htdocs\tokoku-kel4fix\public\index.php(37): CodeIgniter\CodeIgniter->run()
#5 C:\xampp\htdocs\tokoku-kel4fix\system\Commands\Server\rewrite.php(43): require_once('C:\\xampp\\htdocs...')
#6 {main}
CRITICAL - 2022-06-05 10:53:16 --> foreach() argument must be of type array|object, null given
#0 C:\xampp\htdocs\tokoku-kel4fix\app\Controllers\Shop.php(82): CodeIgniter\Debug\Exceptions->errorHandler(2, 'foreach() argum...', 'C:\\xampp\\htdocs...', 82)
#1 C:\xampp\htdocs\tokoku-kel4fix\system\CodeIgniter.php(832): App\Controllers\Shop->checkout()
#2 C:\xampp\htdocs\tokoku-kel4fix\system\CodeIgniter.php(419): CodeIgniter\CodeIgniter->runController(Object(App\Controllers\Shop))
#3 C:\xampp\htdocs\tokoku-kel4fix\system\CodeIgniter.php(326): CodeIgniter\CodeIgniter->handleRequest(NULL, Object(Config\Cache), false)
#4 C:\xampp\htdocs\tokoku-kel4fix\public\index.php(37): CodeIgniter\CodeIgniter->run()
#5 C:\xampp\htdocs\tokoku-kel4fix\system\Commands\Server\rewrite.php(43): require_once('C:\\xampp\\htdocs...')
#6 {main}
CRITICAL - 2022-06-05 10:53:32 --> foreach() argument must be of type array|object, null given
#0 C:\xampp\htdocs\tokoku-kel4fix\app\Controllers\Shop.php(82): CodeIgniter\Debug\Exceptions->errorHandler(2, 'foreach() argum...', 'C:\\xampp\\htdocs...', 82)
#1 C:\xampp\htdocs\tokoku-kel4fix\system\CodeIgniter.php(832): App\Controllers\Shop->checkout()
#2 C:\xampp\htdocs\tokoku-kel4fix\system\CodeIgniter.php(419): CodeIgniter\CodeIgniter->runController(Object(App\Controllers\Shop))
#3 C:\xampp\htdocs\tokoku-kel4fix\system\CodeIgniter.php(326): CodeIgniter\CodeIgniter->handleRequest(NULL, Object(Config\Cache), false)
#4 C:\xampp\htdocs\tokoku-kel4fix\public\index.php(37): CodeIgniter\CodeIgniter->run()
#5 C:\xampp\htdocs\tokoku-kel4fix\system\Commands\Server\rewrite.php(43): require_once('C:\\xampp\\htdocs...')
#6 {main}
CRITICAL - 2022-06-05 10:54:48 --> foreach() argument must be of type array|object, null given
#0 C:\xampp\htdocs\tokoku-kel4fix\app\Controllers\Shop.php(82): CodeIgniter\Debug\Exceptions->errorHandler(2, 'foreach() argum...', 'C:\\xampp\\htdocs...', 82)
#1 C:\xampp\htdocs\tokoku-kel4fix\system\CodeIgniter.php(832): App\Controllers\Shop->checkout()
#2 C:\xampp\htdocs\tokoku-kel4fix\system\CodeIgniter.php(419): CodeIgniter\CodeIgniter->runController(Object(App\Controllers\Shop))
#3 C:\xampp\htdocs\tokoku-kel4fix\system\CodeIgniter.php(326): CodeIgniter\CodeIgniter->handleRequest(NULL, Object(Config\Cache), false)
#4 C:\xampp\htdocs\tokoku-kel4fix\public\index.php(37): CodeIgniter\CodeIgniter->run()
#5 C:\xampp\htdocs\tokoku-kel4fix\system\Commands\Server\rewrite.php(43): require_once('C:\\xampp\\htdocs...')
#6 {main}
ERROR - 2022-06-05 11:19:04 --> Error connecting to the database: No connection could be made because the target machine actively refused it
CRITICAL - 2022-06-05 11:19:04 --> Unable to connect to the database.
Main connection [MySQLi]: No connection could be made because the target machine actively refused it
#0 C:\xampp\htdocs\tokoku-kel4fix\system\Database\BaseConnection.php(577): CodeIgniter\Database\BaseConnection->initialize()
#1 C:\xampp\htdocs\tokoku-kel4fix\system\Database\BaseBuilder.php(1455): CodeIgniter\Database\BaseConnection->query('SELECT *\nFROM `...', Array, false)
#2 C:\xampp\htdocs\tokoku-kel4fix\system\Model.php(210): CodeIgniter\Database\BaseBuilder->get()
#3 C:\xampp\htdocs\tokoku-kel4fix\system\BaseModel.php(622): CodeIgniter\Model->doFirst()
#4 C:\xampp\htdocs\tokoku-kel4fix\app\Controllers\Home.php(21): CodeIgniter\BaseModel->first()
#5 C:\xampp\htdocs\tokoku-kel4fix\system\CodeIgniter.php(832): App\Controllers\Home->index()
#6 C:\xampp\htdocs\tokoku-kel4fix\system\CodeIgniter.php(419): CodeIgniter\CodeIgniter->runController(Object(App\Controllers\Home))
#7 C:\xampp\htdocs\tokoku-kel4fix\system\CodeIgniter.php(326): CodeIgniter\CodeIgniter->handleRequest(NULL, Object(Config\Cache), false)
#8 C:\xampp\htdocs\tokoku-kel4fix\public\index.php(37): CodeIgniter\CodeIgniter->run()
#9 C:\xampp\htdocs\tokoku-kel4fix\system\Commands\Server\rewrite.php(43): require_once('C:\\xampp\\htdocs...')
#10 {main}
ERROR - 2022-06-05 11:19:23 --> Error connecting to the database: No connection could be made because the target machine actively refused it
CRITICAL - 2022-06-05 11:19:23 --> Unable to connect to the database.
Main connection [MySQLi]: No connection could be made because the target machine actively refused it
#0 C:\xampp\htdocs\tokoku-kel4fix\system\Database\BaseConnection.php(577): CodeIgniter\Database\BaseConnection->initialize()
#1 C:\xampp\htdocs\tokoku-kel4fix\system\Database\BaseBuilder.php(1455): CodeIgniter\Database\BaseConnection->query('SELECT *\nFROM `...', Array, false)
#2 C:\xampp\htdocs\tokoku-kel4fix\system\Model.php(210): CodeIgniter\Database\BaseBuilder->get()
#3 C:\xampp\htdocs\tokoku-kel4fix\system\BaseModel.php(622): CodeIgniter\Model->doFirst()
#4 C:\xampp\htdocs\tokoku-kel4fix\app\Controllers\Home.php(21): CodeIgniter\BaseModel->first()
#5 C:\xampp\htdocs\tokoku-kel4fix\system\CodeIgniter.php(832): App\Controllers\Home->index()
#6 C:\xampp\htdocs\tokoku-kel4fix\system\CodeIgniter.php(419): CodeIgniter\CodeIgniter->runController(Object(App\Controllers\Home))
#7 C:\xampp\htdocs\tokoku-kel4fix\system\CodeIgniter.php(326): CodeIgniter\CodeIgniter->handleRequest(NULL, Object(Config\Cache), false)
#8 C:\xampp\htdocs\tokoku-kel4fix\public\index.php(37): CodeIgniter\CodeIgniter->run()
#9 C:\xampp\htdocs\tokoku-kel4fix\system\Commands\Server\rewrite.php(43): require_once('C:\\xampp\\htdocs...')
#10 {main}
CRITICAL - 2022-06-05 11:51:21 --> Attempt to read property "name" on null
#0 C:\xampp\htdocs\tokoku-kel4fix\app\Controllers\Customer_Profile.php(25): CodeIgniter\Debug\Exceptions->errorHandler(2, 'Attempt to read...', 'C:\\xampp\\htdocs...', 25)
#1 C:\xampp\htdocs\tokoku-kel4fix\system\CodeIgniter.php(832): App\Controllers\Customer_Profile->index()
#2 C:\xampp\htdocs\tokoku-kel4fix\system\CodeIgniter.php(419): CodeIgniter\CodeIgniter->runController(Object(App\Controllers\Customer_Profile))
#3 C:\xampp\htdocs\tokoku-kel4fix\system\CodeIgniter.php(326): CodeIgniter\CodeIgniter->handleRequest(NULL, Object(Config\Cache), false)
#4 C:\xampp\htdocs\tokoku-kel4fix\public\index.php(37): CodeIgniter\CodeIgniter->run()
#5 C:\xampp\htdocs\tokoku-kel4fix\system\Commands\Server\rewrite.php(43): require_once('C:\\xampp\\htdocs...')
#6 {main}
ERROR - 2022-06-05 12:22:39 --> Email: sendWithSmtp throwed fsockopen(): php_network_getaddresses: getaddrinfo failed: No such host is known. 
CRITICAL - 2022-06-05 12:24:25 --> Attempt to read property "profile_picture" on null
#0 C:\xampp\htdocs\tokoku-kel4fix\app\Helpers\global_helper.php(94): CodeIgniter\Debug\Exceptions->errorHandler(2, 'Attempt to read...', 'C:\\xampp\\htdocs...', 94)
#1 C:\xampp\htdocs\tokoku-kel4fix\app\Views\admin\header.php(162): get_admin_image()
#2 C:\xampp\htdocs\tokoku-kel4fix\system\View\View.php(210): include('C:\\xampp\\htdocs...')
#3 C:\xampp\htdocs\tokoku-kel4fix\system\View\View.php(213): CodeIgniter\View\View->CodeIgniter\View\{closure}()
#4 C:\xampp\htdocs\tokoku-kel4fix\system\View\View.php(226): CodeIgniter\View\View->render('admin\\header', Array, true)
#5 C:\xampp\htdocs\tokoku-kel4fix\system\Common.php(1089): CodeIgniter\View\View->render('admin/settings/...', Array, true)
#6 C:\xampp\htdocs\tokoku-kel4fix\app\Controllers\Admin_Settings.php(28): view('admin/settings/...', Array)
#7 C:\xampp\htdocs\tokoku-kel4fix\system\CodeIgniter.php(832): App\Controllers\Admin_Settings->index()
#8 C:\xampp\htdocs\tokoku-kel4fix\system\CodeIgniter.php(419): CodeIgniter\CodeIgniter->runController(Object(App\Controllers\Admin_Settings))
#9 C:\xampp\htdocs\tokoku-kel4fix\system\CodeIgniter.php(326): CodeIgniter\CodeIgniter->handleRequest(NULL, Object(Config\Cache), false)
#10 C:\xampp\htdocs\tokoku-kel4fix\public\index.php(37): CodeIgniter\CodeIgniter->run()
#11 C:\xampp\htdocs\tokoku-kel4fix\system\Commands\Server\rewrite.php(43): require_once('C:\\xampp\\htdocs...')
#12 {main}
CRITICAL - 2022-06-05 12:44:03 --> Undefined array key "bank-jago-xx"
#0 C:\xampp\htdocs\tokoku-kel4fix\app\Views\admin\orders\view.php(208): CodeIgniter\Debug\Exceptions->errorHandler(2, 'Undefined array...', 'C:\\xampp\\htdocs...', 208)
#1 C:\xampp\htdocs\tokoku-kel4fix\system\View\View.php(210): include('C:\\xampp\\htdocs...')
#2 C:\xampp\htdocs\tokoku-kel4fix\system\View\View.php(213): CodeIgniter\View\View->CodeIgniter\View\{closure}()
#3 C:\xampp\htdocs\tokoku-kel4fix\system\Common.php(1089): CodeIgniter\View\View->render('admin/orders/vi...', Array, true)
#4 C:\xampp\htdocs\tokoku-kel4fix\app\Controllers\Admin_Orders.php(51): view('admin/orders/vi...', Array)
#5 C:\xampp\htdocs\tokoku-kel4fix\system\CodeIgniter.php(832): App\Controllers\Admin_Orders->view('64')
#6 C:\xampp\htdocs\tokoku-kel4fix\system\CodeIgniter.php(419): CodeIgniter\CodeIgniter->runController(Object(App\Controllers\Admin_Orders))
#7 C:\xampp\htdocs\tokoku-kel4fix\system\CodeIgniter.php(326): CodeIgniter\CodeIgniter->handleRequest(NULL, Object(Config\Cache), false)
#8 C:\xampp\htdocs\tokoku-kel4fix\public\index.php(37): CodeIgniter\CodeIgniter->run()
#9 C:\xampp\htdocs\tokoku-kel4fix\system\Commands\Server\rewrite.php(43): require_once('C:\\xampp\\htdocs...')
#10 {main}
CRITICAL - 2022-06-05 12:44:03 --> Undefined array key "bank-jago-xx"
#0 C:\xampp\htdocs\tokoku-kel4fix\app\Views\admin\orders\view.php(208): CodeIgniter\Debug\Exceptions->errorHandler(2, 'Undefined array...', 'C:\\xampp\\htdocs...', 208)
#1 C:\xampp\htdocs\tokoku-kel4fix\system\View\View.php(210): include('C:\\xampp\\htdocs...')
#2 C:\xampp\htdocs\tokoku-kel4fix\system\View\View.php(213): CodeIgniter\View\View->CodeIgniter\View\{closure}()
#3 C:\xampp\htdocs\tokoku-kel4fix\system\Common.php(1089): CodeIgniter\View\View->render('admin/orders/vi...', Array, true)
#4 C:\xampp\htdocs\tokoku-kel4fix\app\Controllers\Admin_Orders.php(51): view('admin/orders/vi...', Array)
#5 C:\xampp\htdocs\tokoku-kel4fix\system\CodeIgniter.php(832): App\Controllers\Admin_Orders->view('64')
#6 C:\xampp\htdocs\tokoku-kel4fix\system\CodeIgniter.php(419): CodeIgniter\CodeIgniter->runController(Object(App\Controllers\Admin_Orders))
#7 C:\xampp\htdocs\tokoku-kel4fix\system\CodeIgniter.php(326): CodeIgniter\CodeIgniter->handleRequest(NULL, Object(Config\Cache), false)
#8 C:\xampp\htdocs\tokoku-kel4fix\public\index.php(37): CodeIgniter\CodeIgniter->run()
#9 C:\xampp\htdocs\tokoku-kel4fix\system\Commands\Server\rewrite.php(43): require_once('C:\\xampp\\htdocs...')
#10 {main}
CRITICAL - 2022-06-05 12:44:20 --> Undefined array key "bank-jagoss"
#0 C:\xampp\htdocs\tokoku-kel4fix\app\Views\admin\orders\view.php(208): CodeIgniter\Debug\Exceptions->errorHandler(2, 'Undefined array...', 'C:\\xampp\\htdocs...', 208)
#1 C:\xampp\htdocs\tokoku-kel4fix\system\View\View.php(210): include('C:\\xampp\\htdocs...')
#2 C:\xampp\htdocs\tokoku-kel4fix\system\View\View.php(213): CodeIgniter\View\View->CodeIgniter\View\{closure}()
#3 C:\xampp\htdocs\tokoku-kel4fix\system\Common.php(1089): CodeIgniter\View\View->render('admin/orders/vi...', Array, true)
#4 C:\xampp\htdocs\tokoku-kel4fix\app\Controllers\Admin_Orders.php(51): view('admin/orders/vi...', Array)
#5 C:\xampp\htdocs\tokoku-kel4fix\system\CodeIgniter.php(832): App\Controllers\Admin_Orders->view('62')
#6 C:\xampp\htdocs\tokoku-kel4fix\system\CodeIgniter.php(419): CodeIgniter\CodeIgniter->runController(Object(App\Controllers\Admin_Orders))
#7 C:\xampp\htdocs\tokoku-kel4fix\system\CodeIgniter.php(326): CodeIgniter\CodeIgniter->handleRequest(NULL, Object(Config\Cache), false)
#8 C:\xampp\htdocs\tokoku-kel4fix\public\index.php(37): CodeIgniter\CodeIgniter->run()
#9 C:\xampp\htdocs\tokoku-kel4fix\system\Commands\Server\rewrite.php(43): require_once('C:\\xampp\\htdocs...')
#10 {main}
CRITICAL - 2022-06-05 12:47:12 --> Undefined array key "bank-jago-xx"
#0 C:\xampp\htdocs\tokoku-kel4fix\app\Views\admin\payments\view.php(69): CodeIgniter\Debug\Exceptions->errorHandler(2, 'Undefined array...', 'C:\\xampp\\htdocs...', 69)
#1 C:\xampp\htdocs\tokoku-kel4fix\system\View\View.php(210): include('C:\\xampp\\htdocs...')
#2 C:\xampp\htdocs\tokoku-kel4fix\system\View\View.php(213): CodeIgniter\View\View->CodeIgniter\View\{closure}()
#3 C:\xampp\htdocs\tokoku-kel4fix\system\Common.php(1089): CodeIgniter\View\View->render('admin/payments/...', Array, true)
#4 C:\xampp\htdocs\tokoku-kel4fix\app\Controllers\Admin_Payments.php(53): view('admin/payments/...', Array)
#5 C:\xampp\htdocs\tokoku-kel4fix\system\CodeIgniter.php(832): App\Controllers\Admin_Payments->view('9')
#6 C:\xampp\htdocs\tokoku-kel4fix\system\CodeIgniter.php(419): CodeIgniter\CodeIgniter->runController(Object(App\Controllers\Admin_Payments))
#7 C:\xampp\htdocs\tokoku-kel4fix\system\CodeIgniter.php(326): CodeIgniter\CodeIgniter->handleRequest(NULL, Object(Config\Cache), false)
#8 C:\xampp\htdocs\tokoku-kel4fix\public\index.php(37): CodeIgniter\CodeIgniter->run()
#9 C:\xampp\htdocs\tokoku-kel4fix\system\Commands\Server\rewrite.php(43): require_once('C:\\xampp\\htdocs...')
#10 {main}
CRITICAL - 2022-06-05 12:47:13 --> Undefined array key "bank-jago-xx"
#0 C:\xampp\htdocs\tokoku-kel4fix\app\Views\admin\payments\view.php(69): CodeIgniter\Debug\Exceptions->errorHandler(2, 'Undefined array...', 'C:\\xampp\\htdocs...', 69)
#1 C:\xampp\htdocs\tokoku-kel4fix\system\View\View.php(210): include('C:\\xampp\\htdocs...')
#2 C:\xampp\htdocs\tokoku-kel4fix\system\View\View.php(213): CodeIgniter\View\View->CodeIgniter\View\{closure}()
#3 C:\xampp\htdocs\tokoku-kel4fix\system\Common.php(1089): CodeIgniter\View\View->render('admin/payments/...', Array, true)
#4 C:\xampp\htdocs\tokoku-kel4fix\app\Controllers\Admin_Payments.php(53): view('admin/payments/...', Array)
#5 C:\xampp\htdocs\tokoku-kel4fix\system\CodeIgniter.php(832): App\Controllers\Admin_Payments->view('9')
#6 C:\xampp\htdocs\tokoku-kel4fix\system\CodeIgniter.php(419): CodeIgniter\CodeIgniter->runController(Object(App\Controllers\Admin_Payments))
#7 C:\xampp\htdocs\tokoku-kel4fix\system\CodeIgniter.php(326): CodeIgniter\CodeIgniter->handleRequest(NULL, Object(Config\Cache), false)
#8 C:\xampp\htdocs\tokoku-kel4fix\public\index.php(37): CodeIgniter\CodeIgniter->run()
#9 C:\xampp\htdocs\tokoku-kel4fix\system\Commands\Server\rewrite.php(43): require_once('C:\\xampp\\htdocs...')
#10 {main}
CRITICAL - 2022-06-05 12:53:15 --> Undefined array key "bank-jagoss"
#0 C:\xampp\htdocs\tokoku-kel4fix\app\Views\admin\payments\view.php(69): CodeIgniter\Debug\Exceptions->errorHandler(2, 'Undefined array...', 'C:\\xampp\\htdocs...', 69)
#1 C:\xampp\htdocs\tokoku-kel4fix\system\View\View.php(210): include('C:\\xampp\\htdocs...')
#2 C:\xampp\htdocs\tokoku-kel4fix\system\View\View.php(213): CodeIgniter\View\View->CodeIgniter\View\{closure}()
#3 C:\xampp\htdocs\tokoku-kel4fix\system\Common.php(1089): CodeIgniter\View\View->render('admin/payments/...', Array, true)
#4 C:\xampp\htdocs\tokoku-kel4fix\app\Controllers\Admin_Payments.php(53): view('admin/payments/...', Array)
#5 C:\xampp\htdocs\tokoku-kel4fix\system\CodeIgniter.php(832): App\Controllers\Admin_Payments->view('8')
#6 C:\xampp\htdocs\tokoku-kel4fix\system\CodeIgniter.php(419): CodeIgniter\CodeIgniter->runController(Object(App\Controllers\Admin_Payments))
#7 C:\xampp\htdocs\tokoku-kel4fix\system\CodeIgniter.php(326): CodeIgniter\CodeIgniter->handleRequest(NULL, Object(Config\Cache), false)
#8 C:\xampp\htdocs\tokoku-kel4fix\public\index.php(37): CodeIgniter\CodeIgniter->run()
#9 C:\xampp\htdocs\tokoku-kel4fix\system\Commands\Server\rewrite.php(43): require_once('C:\\xampp\\htdocs...')
#10 {main}
CRITICAL - 2022-06-05 12:53:22 --> Undefined array key "bank-jago-xx"
#0 C:\xampp\htdocs\tokoku-kel4fix\app\Views\admin\payments\view.php(69): CodeIgniter\Debug\Exceptions->errorHandler(2, 'Undefined array...', 'C:\\xampp\\htdocs...', 69)
#1 C:\xampp\htdocs\tokoku-kel4fix\system\View\View.php(210): include('C:\\xampp\\htdocs...')
#2 C:\xampp\htdocs\tokoku-kel4fix\system\View\View.php(213): CodeIgniter\View\View->CodeIgniter\View\{closure}()
#3 C:\xampp\htdocs\tokoku-kel4fix\system\Common.php(1089): CodeIgniter\View\View->render('admin/payments/...', Array, true)
#4 C:\xampp\htdocs\tokoku-kel4fix\app\Controllers\Admin_Payments.php(53): view('admin/payments/...', Array)
#5 C:\xampp\htdocs\tokoku-kel4fix\system\CodeIgniter.php(832): App\Controllers\Admin_Payments->view('9')
#6 C:\xampp\htdocs\tokoku-kel4fix\system\CodeIgniter.php(419): CodeIgniter\CodeIgniter->runController(Object(App\Controllers\Admin_Payments))
#7 C:\xampp\htdocs\tokoku-kel4fix\system\CodeIgniter.php(326): CodeIgniter\CodeIgniter->handleRequest(NULL, Object(Config\Cache), false)
#8 C:\xampp\htdocs\tokoku-kel4fix\public\index.php(37): CodeIgniter\CodeIgniter->run()
#9 C:\xampp\htdocs\tokoku-kel4fix\system\Commands\Server\rewrite.php(43): require_once('C:\\xampp\\htdocs...')
#10 {main}
CRITICAL - 2022-06-05 12:53:43 --> Undefined array key "bank-jago-xx"
#0 C:\xampp\htdocs\tokoku-kel4fix\app\Views\admin\orders\view.php(208): CodeIgniter\Debug\Exceptions->errorHandler(2, 'Undefined array...', 'C:\\xampp\\htdocs...', 208)
#1 C:\xampp\htdocs\tokoku-kel4fix\system\View\View.php(210): include('C:\\xampp\\htdocs...')
#2 C:\xampp\htdocs\tokoku-kel4fix\system\View\View.php(213): CodeIgniter\View\View->CodeIgniter\View\{closure}()
#3 C:\xampp\htdocs\tokoku-kel4fix\system\Common.php(1089): CodeIgniter\View\View->render('admin/orders/vi...', Array, true)
#4 C:\xampp\htdocs\tokoku-kel4fix\app\Controllers\Admin_Orders.php(51): view('admin/orders/vi...', Array)
#5 C:\xampp\htdocs\tokoku-kel4fix\system\CodeIgniter.php(832): App\Controllers\Admin_Orders->view('64')
#6 C:\xampp\htdocs\tokoku-kel4fix\system\CodeIgniter.php(419): CodeIgniter\CodeIgniter->runController(Object(App\Controllers\Admin_Orders))
#7 C:\xampp\htdocs\tokoku-kel4fix\system\CodeIgniter.php(326): CodeIgniter\CodeIgniter->handleRequest(NULL, Object(Config\Cache), false)
#8 C:\xampp\htdocs\tokoku-kel4fix\public\index.php(37): CodeIgniter\CodeIgniter->run()
#9 C:\xampp\htdocs\tokoku-kel4fix\system\Commands\Server\rewrite.php(43): require_once('C:\\xampp\\htdocs...')
#10 {main}
CRITICAL - 2022-06-05 12:54:10 --> Undefined array key "bank-jagoss"
#0 C:\xampp\htdocs\tokoku-kel4fix\app\Views\admin\orders\view.php(208): CodeIgniter\Debug\Exceptions->errorHandler(2, 'Undefined array...', 'C:\\xampp\\htdocs...', 208)
#1 C:\xampp\htdocs\tokoku-kel4fix\system\View\View.php(210): include('C:\\xampp\\htdocs...')
#2 C:\xampp\htdocs\tokoku-kel4fix\system\View\View.php(213): CodeIgniter\View\View->CodeIgniter\View\{closure}()
#3 C:\xampp\htdocs\tokoku-kel4fix\system\Common.php(1089): CodeIgniter\View\View->render('admin/orders/vi...', Array, true)
#4 C:\xampp\htdocs\tokoku-kel4fix\app\Controllers\Admin_Orders.php(51): view('admin/orders/vi...', Array)
#5 C:\xampp\htdocs\tokoku-kel4fix\system\CodeIgniter.php(832): App\Controllers\Admin_Orders->view('62')
#6 C:\xampp\htdocs\tokoku-kel4fix\system\CodeIgniter.php(419): CodeIgniter\CodeIgniter->runController(Object(App\Controllers\Admin_Orders))
#7 C:\xampp\htdocs\tokoku-kel4fix\system\CodeIgniter.php(326): CodeIgniter\CodeIgniter->handleRequest(NULL, Object(Config\Cache), false)
#8 C:\xampp\htdocs\tokoku-kel4fix\public\index.php(37): CodeIgniter\CodeIgniter->run()
#9 C:\xampp\htdocs\tokoku-kel4fix\system\Commands\Server\rewrite.php(43): require_once('C:\\xampp\\htdocs...')
#10 {main}
CRITICAL - 2022-06-05 12:59:06 --> Undefined array key "bank-jagoss"
#0 C:\xampp\htdocs\tokoku-kel4fix\app\Views\admin\payments\view.php(69): CodeIgniter\Debug\Exceptions->errorHandler(2, 'Undefined array...', 'C:\\xampp\\htdocs...', 69)
#1 C:\xampp\htdocs\tokoku-kel4fix\system\View\View.php(210): include('C:\\xampp\\htdocs...')
#2 C:\xampp\htdocs\tokoku-kel4fix\system\View\View.php(213): CodeIgniter\View\View->CodeIgniter\View\{closure}()
#3 C:\xampp\htdocs\tokoku-kel4fix\system\Common.php(1089): CodeIgniter\View\View->render('admin/payments/...', Array, true)
#4 C:\xampp\htdocs\tokoku-kel4fix\app\Controllers\Admin_Payments.php(53): view('admin/payments/...', Array)
#5 C:\xampp\htdocs\tokoku-kel4fix\system\CodeIgniter.php(832): App\Controllers\Admin_Payments->view('8')
#6 C:\xampp\htdocs\tokoku-kel4fix\system\CodeIgniter.php(419): CodeIgniter\CodeIgniter->runController(Object(App\Controllers\Admin_Payments))
#7 C:\xampp\htdocs\tokoku-kel4fix\system\CodeIgniter.php(326): CodeIgniter\CodeIgniter->handleRequest(NULL, Object(Config\Cache), false)
#8 C:\xampp\htdocs\tokoku-kel4fix\public\index.php(37): CodeIgniter\CodeIgniter->run()
#9 C:\xampp\htdocs\tokoku-kel4fix\system\Commands\Server\rewrite.php(43): require_once('C:\\xampp\\htdocs...')
#10 {main}
CRITICAL - 2022-06-05 13:02:48 --> Undefined array key "bank-jago-xx"
#0 C:\xampp\htdocs\tokoku-kel4fix\app\Views\admin\payments\view.php(69): CodeIgniter\Debug\Exceptions->errorHandler(2, 'Undefined array...', 'C:\\xampp\\htdocs...', 69)
#1 C:\xampp\htdocs\tokoku-kel4fix\system\View\View.php(210): include('C:\\xampp\\htdocs...')
#2 C:\xampp\htdocs\tokoku-kel4fix\system\View\View.php(213): CodeIgniter\View\View->CodeIgniter\View\{closure}()
#3 C:\xampp\htdocs\tokoku-kel4fix\system\Common.php(1089): CodeIgniter\View\View->render('admin/payments/...', Array, true)
#4 C:\xampp\htdocs\tokoku-kel4fix\app\Controllers\Admin_Payments.php(53): view('admin/payments/...', Array)
#5 C:\xampp\htdocs\tokoku-kel4fix\system\CodeIgniter.php(832): App\Controllers\Admin_Payments->view('9')
#6 C:\xampp\htdocs\tokoku-kel4fix\system\CodeIgniter.php(419): CodeIgniter\CodeIgniter->runController(Object(App\Controllers\Admin_Payments))
#7 C:\xampp\htdocs\tokoku-kel4fix\system\CodeIgniter.php(326): CodeIgniter\CodeIgniter->handleRequest(NULL, Object(Config\Cache), false)
#8 C:\xampp\htdocs\tokoku-kel4fix\public\index.php(37): CodeIgniter\CodeIgniter->run()
#9 C:\xampp\htdocs\tokoku-kel4fix\system\Commands\Server\rewrite.php(43): require_once('C:\\xampp\\htdocs...')
#10 {main}
CRITICAL - 2022-06-05 13:03:12 --> Undefined array key "bank-jagoss"
#0 C:\xampp\htdocs\tokoku-kel4fix\app\Views\admin\payments\view.php(69): CodeIgniter\Debug\Exceptions->errorHandler(2, 'Undefined array...', 'C:\\xampp\\htdocs...', 69)
#1 C:\xampp\htdocs\tokoku-kel4fix\system\View\View.php(210): include('C:\\xampp\\htdocs...')
#2 C:\xampp\htdocs\tokoku-kel4fix\system\View\View.php(213): CodeIgniter\View\View->CodeIgniter\View\{closure}()
#3 C:\xampp\htdocs\tokoku-kel4fix\system\Common.php(1089): CodeIgniter\View\View->render('admin/payments/...', Array, true)
#4 C:\xampp\htdocs\tokoku-kel4fix\app\Controllers\Admin_Payments.php(53): view('admin/payments/...', Array)
#5 C:\xampp\htdocs\tokoku-kel4fix\system\CodeIgniter.php(832): App\Controllers\Admin_Payments->view('8')
#6 C:\xampp\htdocs\tokoku-kel4fix\system\CodeIgniter.php(419): CodeIgniter\CodeIgniter->runController(Object(App\Controllers\Admin_Payments))
#7 C:\xampp\htdocs\tokoku-kel4fix\system\CodeIgniter.php(326): CodeIgniter\CodeIgniter->handleRequest(NULL, Object(Config\Cache), false)
#8 C:\xampp\htdocs\tokoku-kel4fix\public\index.php(37): CodeIgniter\CodeIgniter->run()
#9 C:\xampp\htdocs\tokoku-kel4fix\system\Commands\Server\rewrite.php(43): require_once('C:\\xampp\\htdocs...')
#10 {main}
CRITICAL - 2022-06-05 13:03:12 --> Undefined array key "bank-jagoss"
#0 C:\xampp\htdocs\tokoku-kel4fix\app\Views\admin\payments\view.php(69): CodeIgniter\Debug\Exceptions->errorHandler(2, 'Undefined array...', 'C:\\xampp\\htdocs...', 69)
#1 C:\xampp\htdocs\tokoku-kel4fix\system\View\View.php(210): include('C:\\xampp\\htdocs...')
#2 C:\xampp\htdocs\tokoku-kel4fix\system\View\View.php(213): CodeIgniter\View\View->CodeIgniter\View\{closure}()
#3 C:\xampp\htdocs\tokoku-kel4fix\system\Common.php(1089): CodeIgniter\View\View->render('admin/payments/...', Array, true)
#4 C:\xampp\htdocs\tokoku-kel4fix\app\Controllers\Admin_Payments.php(53): view('admin/payments/...', Array)
#5 C:\xampp\htdocs\tokoku-kel4fix\system\CodeIgniter.php(832): App\Controllers\Admin_Payments->view('8')
#6 C:\xampp\htdocs\tokoku-kel4fix\system\CodeIgniter.php(419): CodeIgniter\CodeIgniter->runController(Object(App\Controllers\Admin_Payments))
#7 C:\xampp\htdocs\tokoku-kel4fix\system\CodeIgniter.php(326): CodeIgniter\CodeIgniter->handleRequest(NULL, Object(Config\Cache), false)
#8 C:\xampp\htdocs\tokoku-kel4fix\public\index.php(37): CodeIgniter\CodeIgniter->run()
#9 C:\xampp\htdocs\tokoku-kel4fix\system\Commands\Server\rewrite.php(43): require_once('C:\\xampp\\htdocs...')
#10 {main}
CRITICAL - 2022-06-05 21:01:37 --> Attempt to read property "profile_picture" on null
#0 C:\xampp\htdocs\tokoku-kel4fix\app\Helpers\global_helper.php(94): CodeIgniter\Debug\Exceptions->errorHandler(2, 'Attempt to read...', 'C:\\xampp\\htdocs...', 94)
#1 C:\xampp\htdocs\tokoku-kel4fix\app\Views\admin\header.php(162): get_admin_image()
#2 C:\xampp\htdocs\tokoku-kel4fix\system\View\View.php(210): include('C:\\xampp\\htdocs...')
#3 C:\xampp\htdocs\tokoku-kel4fix\system\View\View.php(213): CodeIgniter\View\View->CodeIgniter\View\{closure}()
#4 C:\xampp\htdocs\tokoku-kel4fix\system\View\View.php(226): CodeIgniter\View\View->render('admin\\header', Array, true)
#5 C:\xampp\htdocs\tokoku-kel4fix\system\Common.php(1089): CodeIgniter\View\View->render('admin\\overview', Array, true)
#6 C:\xampp\htdocs\tokoku-kel4fix\app\Controllers\Admin.php(38): view('admin\\overview', Array)
#7 C:\xampp\htdocs\tokoku-kel4fix\system\CodeIgniter.php(832): App\Controllers\Admin->index()
#8 C:\xampp\htdocs\tokoku-kel4fix\system\CodeIgniter.php(419): CodeIgniter\CodeIgniter->runController(Object(App\Controllers\Admin))
#9 C:\xampp\htdocs\tokoku-kel4fix\system\CodeIgniter.php(326): CodeIgniter\CodeIgniter->handleRequest(NULL, Object(Config\Cache), false)
#10 C:\xampp\htdocs\tokoku-kel4fix\public\index.php(37): CodeIgniter\CodeIgniter->run()
#11 C:\xampp\htdocs\tokoku-kel4fix\system\Commands\Server\rewrite.php(43): require_once('C:\\xampp\\htdocs...')
#12 {main}
CRITICAL - 2022-06-05 22:33:42 --> syntax error, unexpected end of file, expecting "elseif" or "else" or "endif"
#0 C:\xampp\htdocs\tokoku-kel4fix\system\View\View.php(213): CodeIgniter\View\View->CodeIgniter\View\{closure}()
#1 C:\xampp\htdocs\tokoku-kel4fix\system\View\View.php(226): CodeIgniter\View\View->render('themes\\fiflower...', Array, true)
#2 C:\xampp\htdocs\tokoku-kel4fix\system\Common.php(1089): CodeIgniter\View\View->render('themes\\fiflower...', Array, true)
#3 C:\xampp\htdocs\tokoku-kel4fix\app\Controllers\Home.php(34): view('themes\\fiflower...', Array)
#4 C:\xampp\htdocs\tokoku-kel4fix\system\CodeIgniter.php(832): App\Controllers\Home->index()
#5 C:\xampp\htdocs\tokoku-kel4fix\system\CodeIgniter.php(419): CodeIgniter\CodeIgniter->runController(Object(App\Controllers\Home))
#6 C:\xampp\htdocs\tokoku-kel4fix\system\CodeIgniter.php(326): CodeIgniter\CodeIgniter->handleRequest(NULL, Object(Config\Cache), false)
#7 C:\xampp\htdocs\tokoku-kel4fix\public\index.php(37): CodeIgniter\CodeIgniter->run()
#8 C:\xampp\htdocs\tokoku-kel4fix\system\Commands\Server\rewrite.php(43): require_once('C:\\xampp\\htdocs...')
#9 {main}
