CRITICAL - 2022-06-03 06:53:23 --> Invalid file: themes\fiflowers\pages\contact.php
#0 C:\xampp\htdocs\tokoku-fixfix\system\View\View.php(198): CodeIgniter\Exceptions\FrameworkException::forInvalidFile('themes\\fiflower...')
#1 C:\xampp\htdocs\tokoku-fixfix\system\Common.php(1089): CodeIgniter\View\View->render('themes\\fiflower...', Array, true)
#2 C:\xampp\htdocs\tokoku-fixfix\app\Controllers\Pages.php(43): view('themes\\fiflower...', Array)
#3 C:\xampp\htdocs\tokoku-fixfix\system\CodeIgniter.php(832): App\Controllers\Pages->contact()
#4 C:\xampp\htdocs\tokoku-fixfix\system\CodeIgniter.php(419): CodeIgniter\CodeIgniter->runController(Object(App\Controllers\Pages))
#5 C:\xampp\htdocs\tokoku-fixfix\system\CodeIgniter.php(326): CodeIgniter\CodeIgniter->handleRequest(NULL, Object(Config\Cache), false)
#6 C:\xampp\htdocs\tokoku-fixfix\public\index.php(37): CodeIgniter\CodeIgniter->run()
#7 C:\xampp\htdocs\tokoku-fixfix\system\Commands\Server\rewrite.php(43): require_once('C:\\xampp\\htdocs...')
#8 {main}
CRITICAL - 2022-06-03 06:53:35 --> Invalid file: themes\fiflowers\pages\contact.php
#0 C:\xampp\htdocs\tokoku-fixfix\system\View\View.php(198): CodeIgniter\Exceptions\FrameworkException::forInvalidFile('themes\\fiflower...')
#1 C:\xampp\htdocs\tokoku-fixfix\system\Common.php(1089): CodeIgniter\View\View->render('themes\\fiflower...', Array, true)
#2 C:\xampp\htdocs\tokoku-fixfix\app\Controllers\Pages.php(43): view('themes\\fiflower...', Array)
#3 C:\xampp\htdocs\tokoku-fixfix\system\CodeIgniter.php(832): App\Controllers\Pages->contact()
#4 C:\xampp\htdocs\tokoku-fixfix\system\CodeIgniter.php(419): CodeIgniter\CodeIgniter->runController(Object(App\Controllers\Pages))
#5 C:\xampp\htdocs\tokoku-fixfix\system\CodeIgniter.php(326): CodeIgniter\CodeIgniter->handleRequest(NULL, Object(Config\Cache), false)
#6 C:\xampp\htdocs\tokoku-fixfix\public\index.php(37): CodeIgniter\CodeIgniter->run()
#7 C:\xampp\htdocs\tokoku-fixfix\system\Commands\Server\rewrite.php(43): require_once('C:\\xampp\\htdocs...')
#8 {main}
CRITICAL - 2022-06-03 06:53:37 --> Invalid file: themes\fiflowers\home.php
#0 C:\xampp\htdocs\tokoku-fixfix\system\View\View.php(198): CodeIgniter\Exceptions\FrameworkException::forInvalidFile('themes\\fiflower...')
#1 C:\xampp\htdocs\tokoku-fixfix\system\Common.php(1089): CodeIgniter\View\View->render('themes\\fiflower...', Array, true)
#2 C:\xampp\htdocs\tokoku-fixfix\app\Controllers\Home.php(34): view('themes\\fiflower...', Array)
#3 C:\xampp\htdocs\tokoku-fixfix\system\CodeIgniter.php(832): App\Controllers\Home->index()
#4 C:\xampp\htdocs\tokoku-fixfix\system\CodeIgniter.php(419): CodeIgniter\CodeIgniter->runController(Object(App\Controllers\Home))
#5 C:\xampp\htdocs\tokoku-fixfix\system\CodeIgniter.php(326): CodeIgniter\CodeIgniter->handleRequest(NULL, Object(Config\Cache), false)
#6 C:\xampp\htdocs\tokoku-fixfix\public\index.php(37): CodeIgniter\CodeIgniter->run()
#7 C:\xampp\htdocs\tokoku-fixfix\system\Commands\Server\rewrite.php(43): require_once('C:\\xampp\\htdocs...')
#8 {main}
CRITICAL - 2022-06-03 06:53:40 --> Invalid file: themes\fiflowers\home.php
#0 C:\xampp\htdocs\tokoku-fixfix\system\View\View.php(198): CodeIgniter\Exceptions\FrameworkException::forInvalidFile('themes\\fiflower...')
#1 C:\xampp\htdocs\tokoku-fixfix\system\Common.php(1089): CodeIgniter\View\View->render('themes\\fiflower...', Array, true)
#2 C:\xampp\htdocs\tokoku-fixfix\app\Controllers\Home.php(34): view('themes\\fiflower...', Array)
#3 C:\xampp\htdocs\tokoku-fixfix\system\CodeIgniter.php(832): App\Controllers\Home->index()
#4 C:\xampp\htdocs\tokoku-fixfix\system\CodeIgniter.php(419): CodeIgniter\CodeIgniter->runController(Object(App\Controllers\Home))
#5 C:\xampp\htdocs\tokoku-fixfix\system\CodeIgniter.php(326): CodeIgniter\CodeIgniter->handleRequest(NULL, Object(Config\Cache), false)
#6 C:\xampp\htdocs\tokoku-fixfix\public\index.php(37): CodeIgniter\CodeIgniter->run()
#7 C:\xampp\htdocs\tokoku-fixfix\system\Commands\Server\rewrite.php(43): require_once('C:\\xampp\\htdocs...')
#8 {main}
CRITICAL - 2022-06-03 06:57:05 --> Invalid file: themes\fiflowers\home.php
#0 C:\xampp\htdocs\tokoku-fixfix\system\View\View.php(198): CodeIgniter\Exceptions\FrameworkException::forInvalidFile('themes\\fiflower...')
#1 C:\xampp\htdocs\tokoku-fixfix\system\Common.php(1089): CodeIgniter\View\View->render('themes\\fiflower...', Array, true)
#2 C:\xampp\htdocs\tokoku-fixfix\app\Controllers\Home.php(34): view('themes\\fiflower...', Array)
#3 C:\xampp\htdocs\tokoku-fixfix\system\CodeIgniter.php(832): App\Controllers\Home->index()
#4 C:\xampp\htdocs\tokoku-fixfix\system\CodeIgniter.php(419): CodeIgniter\CodeIgniter->runController(Object(App\Controllers\Home))
#5 C:\xampp\htdocs\tokoku-fixfix\system\CodeIgniter.php(326): CodeIgniter\CodeIgniter->handleRequest(NULL, Object(Config\Cache), false)
#6 C:\xampp\htdocs\tokoku-fixfix\public\index.php(37): CodeIgniter\CodeIgniter->run()
#7 C:\xampp\htdocs\tokoku-fixfix\system\Commands\Server\rewrite.php(43): require_once('C:\\xampp\\htdocs...')
#8 {main}
